# JRE version: Java(TM) SE Runtime Environment (8.0_151-b12) (build 1.8.0_151-b12)
# Java VM: Java HotSpot(TM) 64-Bit Server VM (25.151-b12 mixed mode windows-amd64 compressed oops)
Heap:
 PSYoungGen      total 340992K, used 15484K [0x000000076b580000, 0x0000000781d00000, 0x00000007c0000000)
  eden space 322048K, 4% used [0x000000076b580000,0x000000076c49f238,0x000000077f000000)
  from space 18944K, 0% used [0x000000077f000000,0x000000077f000000,0x0000000780280000)
  to   space 15360K, 0% used [0x0000000780280000,0x0000000780280000,0x0000000781180000)
 ParOldGen       total 203264K, used 28122K [0x00000006c2000000, 0x00000006ce680000, 0x000000076b580000)
  object space 203264K, 13% used [0x00000006c2000000,0x00000006c3b76b88,0x00000006ce680000)
 Metaspace       used 56277K, capacity 59530K, committed 59736K, reserved 1101824K
  class space    used 7454K, capacity 8011K, committed 8064K, reserved 1048576K
GC Heap History (10 events):
Event: 9.278 GC heap before
{Heap before GC invocations=10 (full 2):
 PSYoungGen      total 176128K, used 164352K [0x000000076b580000, 0x000000077c580000, 0x00000007c0000000)
  eden space 164352K, 100% used [0x000000076b580000,0x0000000775600000,0x0000000775600000)
  from space 11776K, 0% used [0x0000000775600000,0x0000000775600000,0x0000000776180000)
  to   space 13824K, 0% used [0x000000077b800000,0x000000077b800000,0x000000077c580000)
 ParOldGen       total 145408K, used 17475K [0x00000006c2000000, 0x00000006cae00000, 0x000000076b580000)
  object space 145408K, 12% used [0x00000006c2000000,0x00000006c3110df0,0x00000006cae00000)
 Metaspace       used 41644K, capacity 43286K, committed 43608K, reserved 1087488K
  class space    used 5368K, capacity 5663K, committed 5760K, reserved 1048576K
Event: 9.284 GC heap after
Heap after GC invocations=10 (full 2):
 PSYoungGen      total 258560K, used 8754K [0x000000076b580000, 0x000000077c200000, 0x00000007c0000000)
  eden space 248320K, 0% used [0x000000076b580000,0x000000076b580000,0x000000077a800000)
  from space 10240K, 85% used [0x000000077b800000,0x000000077c08c868,0x000000077c200000)
  to   space 13312K, 0% used [0x000000077a800000,0x000000077a800000,0x000000077b500000)
 ParOldGen       total 145408K, used 17547K [0x00000006c2000000, 0x00000006cae00000, 0x000000076b580000)
  object space 145408K, 12% used [0x00000006c2000000,0x00000006c3122e00,0x00000006cae00000)
 Metaspace       used 41644K, capacity 43286K, committed 43608K, reserved 1087488K
  class space    used 5368K, capacity 5663K, committed 5760K, reserved 1048576K
}
Event: 10.416 GC heap before
{Heap before GC invocations=11 (full 2):
 PSYoungGen      total 258560K, used 257074K [0x000000076b580000, 0x000000077c200000, 0x00000007c0000000)
  eden space 248320K, 100% used [0x000000076b580000,0x000000077a800000,0x000000077a800000)
  from space 10240K, 85% used [0x000000077b800000,0x000000077c08c868,0x000000077c200000)
  to   space 13312K, 0% used [0x000000077a800000,0x000000077a800000,0x000000077b500000)
 ParOldGen       total 145408K, used 17547K [0x00000006c2000000, 0x00000006cae00000, 0x000000076b580000)
  object space 145408K, 12% used [0x00000006c2000000,0x00000006c3122e00,0x00000006cae00000)
 Metaspace       used 45847K, capacity 48334K, committed 48472K, reserved 1091584K
  class space    used 6005K, capacity 6463K, committed 6528K, reserved 1048576K
Event: 10.427 GC heap after
Heap after GC invocations=11 (full 2):
 PSYoungGen      total 261632K, used 13280K [0x000000076b580000, 0x0000000781180000, 0x00000007c0000000)
  eden space 248320K, 0% used [0x000000076b580000,0x000000076b580000,0x000000077a800000)
  from space 13312K, 99% used [0x000000077a800000,0x000000077b4f8370,0x000000077b500000)
  to   space 15360K, 0% used [0x0000000780280000,0x0000000780280000,0x0000000781180000)
 ParOldGen       total 145408K, used 18532K [0x00000006c2000000, 0x00000006cae00000, 0x000000076b580000)
  object space 145408K, 12% used [0x00000006c2000000,0x00000006c3219178,0x00000006cae00000)
 Metaspace       used 45847K, capacity 48334K, committed 48472K, reserved 1091584K
  class space    used 6005K, capacity 6463K, committed 6528K, reserved 1048576K
}
Event: 11.428 GC heap before
{Heap before GC invocations=12 (full 2):
 PSYoungGen      total 261632K, used 261600K [0x000000076b580000, 0x0000000781180000, 0x00000007c0000000)
  eden space 248320K, 100% used [0x000000076b580000,0x000000077a800000,0x000000077a800000)
  from space 13312K, 99% used [0x000000077a800000,0x000000077b4f8370,0x000000077b500000)
  to   space 15360K, 0% used [0x0000000780280000,0x0000000780280000,0x0000000781180000)
 ParOldGen       total 145408K, used 18532K [0x00000006c2000000, 0x00000006cae00000, 0x000000076b580000)
  object space 145408K, 12% used [0x00000006c2000000,0x00000006c3219178,0x00000006cae00000)
 Metaspace       used 50685K, capacity 53444K, committed 53720K, reserved 1095680K
  class space    used 6691K, capacity 7166K, committed 7168K, reserved 1048576K
Event: 11.440 GC heap after
Heap after GC invocations=12 (full 2):
 PSYoungGen      total 337408K, used 15352K [0x000000076b580000, 0x0000000781d00000, 0x00000007c0000000)
  eden space 322048K, 0% used [0x000000076b580000,0x000000076b580000,0x000000077f000000)
  from space 15360K, 99% used [0x0000000780280000,0x000000078117e070,0x0000000781180000)
  to   space 18944K, 0% used [0x000000077f000000,0x000000077f000000,0x0000000780280000)
 ParOldGen       total 145408K, used 24130K [0x00000006c2000000, 0x00000006cae00000, 0x000000076b580000)
  object space 145408K, 16% used [0x00000006c2000000,0x00000006c3790890,0x00000006cae00000)
 Metaspace       used 50685K, capacity 53444K, committed 53720K, reserved 1095680K
  class space    used 6691K, capacity 7166K, committed 7168K, reserved 1048576K
}
Event: 14.620 GC heap before
{Heap before GC invocations=13 (full 2):
 PSYoungGen      total 337408K, used 145932K [0x000000076b580000, 0x0000000781d00000, 0x00000007c0000000)
  eden space 322048K, 40% used [0x000000076b580000,0x0000000773505218,0x000000077f000000)
  from space 15360K, 99% used [0x0000000780280000,0x000000078117e070,0x0000000781180000)
  to   space 18944K, 0% used [0x000000077f000000,0x000000077f000000,0x0000000780280000)
 ParOldGen       total 145408K, used 24130K [0x00000006c2000000, 0x00000006cae00000, 0x000000076b580000)
  object space 145408K, 16% used [0x00000006c2000000,0x00000006c3790890,0x00000006cae00000)
 Metaspace       used 55830K, capacity 58930K, committed 59028K, reserved 1099776K
  class space    used 7369K, capacity 7901K, committed 7936K, reserved 1048576K
Event: 14.630 GC heap after
Heap after GC invocations=13 (full 2):
 PSYoungGen      total 340992K, used 10400K [0x000000076b580000, 0x0000000781d00000, 0x00000007c0000000)
  eden space 322048K, 0% used [0x000000076b580000,0x000000076b580000,0x000000077f000000)
  from space 18944K, 54% used [0x000000077f000000,0x000000077fa28368,0x0000000780280000)
  to   space 15360K, 0% used [0x0000000780280000,0x0000000780280000,0x0000000781180000)
 ParOldGen       total 145408K, used 31306K [0x00000006c2000000, 0x00000006cae00000, 0x000000076b580000)
  object space 145408K, 21% used [0x00000006c2000000,0x00000006c3e92820,0x00000006cae00000)
 Metaspace       used 55830K, capacity 58930K, committed 59028K, reserved 1099776K
  class space    used 7369K, capacity 7901K, committed 7936K, reserved 1048576K
}
Event: 14.630 GC heap before
{Heap before GC invocations=14 (full 3):
 PSYoungGen      total 340992K, used 10400K [0x000000076b580000, 0x0000000781d00000, 0x00000007c0000000)
  eden space 322048K, 0% used [0x000000076b580000,0x000000076b580000,0x000000077f000000)
  from space 18944K, 54% used [0x000000077f000000,0x000000077fa28368,0x0000000780280000)
  to   space 15360K, 0% used [0x0000000780280000,0x0000000780280000,0x0000000781180000)
 ParOldGen       total 145408K, used 31306K [0x00000006c2000000, 0x00000006cae00000, 0x000000076b580000)
  object space 145408K, 21% used [0x00000006c2000000,0x00000006c3e92820,0x00000006cae00000)
 Metaspace       used 55830K, capacity 58930K, committed 59028K, reserved 1099776K
  class space    used 7369K, capacity 7901K, committed 7936K, reserved 1048576K
Event: 14.731 GC heap after
Heap after GC invocations=14 (full 3):
 PSYoungGen      total 340992K, used 0K [0x000000076b580000, 0x0000000781d00000, 0x00000007c0000000)
  eden space 322048K, 0% used [0x000000076b580000,0x000000076b580000,0x000000077f000000)
  from space 18944K, 0% used [0x000000077f000000,0x000000077f000000,0x0000000780280000)
  to   space 15360K, 0% used [0x0000000780280000,0x0000000780280000,0x0000000781180000)
 ParOldGen       total 203264K, used 28122K [0x00000006c2000000, 0x00000006ce680000, 0x000000076b580000)
  object space 203264K, 13% used [0x00000006c2000000,0x00000006c3b76b88,0x00000006ce680000)
 Metaspace       used 55830K, capacity 58930K, committed 59028K, reserved 1099776K
  class space    used 7369K, capacity 7901K, committed 7936K, reserved 1048576K
}

